<?xml version="1.0" encoding="UTF-8" ?>
<testsuites>
  <testsuite errors="0" failures="0" hostname="jestes-MacBook-Pro.local" id="0" name="ProjectControllerTests" package="" tests="1" time="0.19" timestamp="2008-11-05T04:26:21">
      <properties />

      <testcase classname="ProjectControllerTests" name="testWatchShouldTryToResolveProject" time="0.028" />

      <system-out><![CDATA[--Output from testWatchShouldTryToResolveProject--
]]></system-out>

      <system-err><![CDATA[--Output from testWatchShouldTryToResolveProject--
]]></system-err>

  </testsuite>
  <testsuite errors="0" failures="0" hostname="jestes-MacBook-Pro.local" id="1" name="WatchitControllerTests" package="" tests="2" time="0.134" timestamp="2008-11-06T05:11:11">
      <properties />

      <testcase classname="WatchitControllerTests" name="testWhenGitInstalledIndexShouldHavGitVersionInModel" time="0.017" />

      <testcase classname="WatchitControllerTests" name="testWhenGitNotInstalledIndexShouldRenderError" time="0.055" />

      <system-out><![CDATA[--Output from testWhenGitInstalledIndexShouldHavGitVersionInModel--
--Output from testWhenGitNotInstalledIndexShouldRenderError--
]]></system-out>

      <system-err><![CDATA[--Output from testWhenGitInstalledIndexShouldHavGitVersionInModel--
--Output from testWhenGitNotInstalledIndexShouldRenderError--
]]></system-err>

  </testsuite>
</testsuites>
